[INFO  - 2017-06-23T21:58:09.378Z] GhostDriver - Main - running on port 44857
[INFO  - 2017-06-23T21:58:09.934Z] Session [0baf6170-585f-11e7-8ad0-0f3eb07e3df3] - page.settings - {"XSSAuditingEnabled":false,"javascriptCanCloseWindows":true,"javascriptCanOpenWindows":true,"javascriptEnabled":true,"loadImages":true,"localToRemoteUrlAccessEnabled":false,"userAgent":"Mozilla/5.0 (Macintosh; Intel Mac OS X) AppleWebKit/538.1 (KHTML, like Gecko) PhantomJS/2.1.1 Safari/538.1","webSecurityEnabled":true}
[INFO  - 2017-06-23T21:58:09.934Z] Session [0baf6170-585f-11e7-8ad0-0f3eb07e3df3] - page.customHeaders:  - {}
[INFO  - 2017-06-23T21:58:09.934Z] Session [0baf6170-585f-11e7-8ad0-0f3eb07e3df3] - Session.negotiatedCapabilities - {"browserName":"phantomjs","version":"2.1.1","driverName":"ghostdriver","driverVersion":"1.2.0","platform":"mac-unknown-64bit","javascriptEnabled":true,"takesScreenshot":true,"handlesAlerts":false,"databaseEnabled":false,"locationContextEnabled":false,"applicationCacheEnabled":false,"browserConnectionEnabled":false,"cssSelectorsEnabled":true,"webStorageEnabled":false,"rotatable":false,"acceptSslCerts":false,"nativeEvents":true,"proxy":{"proxyType":"direct"}}
[INFO  - 2017-06-23T21:58:09.934Z] SessionManagerReqHand - _postNewSessionCommand - New Session Created: 0baf6170-585f-11e7-8ad0-0f3eb07e3df3
[INFO  - 2017-06-23T21:58:16.509Z] ShutdownReqHand - _handle - About to shutdown
[INFO  - 2017-06-23T21:58:17.547Z] GhostDriver - Main - running on port 7324
[INFO  - 2017-06-23T21:58:17.596Z] Session [1040d070-585f-11e7-aa06-f1071cb2b980] - page.settings - {"XSSAuditingEnabled":false,"javascriptCanCloseWindows":true,"javascriptCanOpenWindows":true,"javascriptEnabled":true,"loadImages":true,"localToRemoteUrlAccessEnabled":false,"userAgent":"Mozilla/5.0 (Macintosh; Intel Mac OS X) AppleWebKit/538.1 (KHTML, like Gecko) PhantomJS/2.1.1 Safari/538.1","webSecurityEnabled":true}
[INFO  - 2017-06-23T21:58:17.596Z] Session [1040d070-585f-11e7-aa06-f1071cb2b980] - page.customHeaders:  - {}
[INFO  - 2017-06-23T21:58:17.596Z] Session [1040d070-585f-11e7-aa06-f1071cb2b980] - Session.negotiatedCapabilities - {"browserName":"phantomjs","version":"2.1.1","driverName":"ghostdriver","driverVersion":"1.2.0","platform":"mac-unknown-64bit","javascriptEnabled":true,"takesScreenshot":true,"handlesAlerts":false,"databaseEnabled":false,"locationContextEnabled":false,"applicationCacheEnabled":false,"browserConnectionEnabled":false,"cssSelectorsEnabled":true,"webStorageEnabled":false,"rotatable":false,"acceptSslCerts":false,"nativeEvents":true,"proxy":{"proxyType":"direct"}}
[INFO  - 2017-06-23T21:58:17.596Z] SessionManagerReqHand - _postNewSessionCommand - New Session Created: 1040d070-585f-11e7-aa06-f1071cb2b980
[ERROR - 2017-06-23T21:58:20.005Z] Session [1040d070-585f-11e7-aa06-f1071cb2b980] - page.onError - msg: Fri Jun 23 22:58:20 GMT+100 2017 com.vaadin.client.ApplicationConfiguration
SEVERE: The given row index 0 does not exist.
java.lang.IndexOutOfBoundsException: The given row index 0 does not exist.
	at Unknown.Dg(Unknown Source)
	at Unknown.Fg(Unknown Source)
	at Unknown.bqd(Unknown Source)
	at Unknown.x6c(Unknown Source)
	at Unknown.W6c(Unknown Source)
	at Unknown.ti(Unknown Source)
	at Unknown.ki(Unknown Source)
	at Unknown.Vh(Unknown Source)
	at Unknown.Uh(Unknown Source)
	at Unknown.anonymous(Unknown Source)
	at Unknown.anonymous(Unknown Source)
	at Unknown.La(Unknown Source)
	at Unknown.anonymous(Unknown Source)
	at Unknown.anonymous(Unknown Source)
	at Unknown.anonymous(Unknown Source)

[ERROR - 2017-06-23T21:58:20.005Z] Session [1040d070-585f-11e7-aa06-f1071cb2b980] - page.onError - stack:
  eab (http://localhost:8080/:1)
[ERROR - 2017-06-23T21:58:20.007Z] Session [1040d070-585f-11e7-aa06-f1071cb2b980] - page.onError - msg: Fri Jun 23 22:58:20 GMT+100 2017 com.vaadin.client.ApplicationConfiguration
SEVERE: The given row index 0 does not exist.
java.lang.IndexOutOfBoundsException: The given row index 0 does not exist.
	at Unknown.Dg(Unknown Source)
	at Unknown.Fg(Unknown Source)
	at Unknown.bqd(Unknown Source)
	at Unknown.x6c(Unknown Source)
	at Unknown.W6c(Unknown Source)
	at Unknown.ti(Unknown Source)
	at Unknown.ki(Unknown Source)
	at Unknown.Vh(Unknown Source)
	at Unknown.Uh(Unknown Source)
	at Unknown.anonymous(Unknown Source)
	at Unknown.anonymous(Unknown Source)
	at Unknown.La(Unknown Source)
	at Unknown.anonymous(Unknown Source)
	at Unknown.anonymous(Unknown Source)
	at Unknown.anonymous(Unknown Source)

[ERROR - 2017-06-23T21:58:20.007Z] Session [1040d070-585f-11e7-aa06-f1071cb2b980] - page.onError - stack:
  eab (http://localhost:8080/:1)
[ERROR - 2017-06-23T21:58:20.025Z] Session [1040d070-585f-11e7-aa06-f1071cb2b980] - page.onError - msg: Fri Jun 23 22:58:20 GMT+100 2017 com.vaadin.client.ApplicationConfiguration
SEVERE: The given row index 0 does not exist.
java.lang.IndexOutOfBoundsException: The given row index 0 does not exist.
	at Unknown.Dg(Unknown Source)
	at Unknown.Fg(Unknown Source)
	at Unknown.bqd(Unknown Source)
	at Unknown.x6c(Unknown Source)
	at Unknown.W6c(Unknown Source)
	at Unknown.ti(Unknown Source)
	at Unknown.ki(Unknown Source)
	at Unknown.Vh(Unknown Source)
	at Unknown.Uh(Unknown Source)
	at Unknown.anonymous(Unknown Source)
	at Unknown.anonymous(Unknown Source)
	at Unknown.La(Unknown Source)
	at Unknown.anonymous(Unknown Source)
	at Unknown.anonymous(Unknown Source)
	at Unknown.anonymous(Unknown Source)

[ERROR - 2017-06-23T21:58:20.025Z] Session [1040d070-585f-11e7-aa06-f1071cb2b980] - page.onError - stack:
  eab (http://localhost:8080/:1)
[ERROR - 2017-06-23T21:58:20.026Z] Session [1040d070-585f-11e7-aa06-f1071cb2b980] - page.onError - msg: Fri Jun 23 22:58:20 GMT+100 2017 com.vaadin.client.ApplicationConfiguration
SEVERE: The given row index 0 does not exist.
java.lang.IndexOutOfBoundsException: The given row index 0 does not exist.
	at Unknown.Dg(Unknown Source)
	at Unknown.Fg(Unknown Source)
	at Unknown.bqd(Unknown Source)
	at Unknown.x6c(Unknown Source)
	at Unknown.W6c(Unknown Source)
	at Unknown.ti(Unknown Source)
	at Unknown.ki(Unknown Source)
	at Unknown.Vh(Unknown Source)
	at Unknown.Uh(Unknown Source)
	at Unknown.anonymous(Unknown Source)
	at Unknown.anonymous(Unknown Source)
	at Unknown.La(Unknown Source)
	at Unknown.anonymous(Unknown Source)
	at Unknown.anonymous(Unknown Source)
	at Unknown.anonymous(Unknown Source)

[ERROR - 2017-06-23T21:58:20.026Z] Session [1040d070-585f-11e7-aa06-f1071cb2b980] - page.onError - stack:
  eab (http://localhost:8080/:1)
[INFO  - 2017-06-23T21:58:20.177Z] ShutdownReqHand - _handle - About to shutdown
[INFO  - 2017-06-23T21:58:21.604Z] GhostDriver - Main - running on port 11283
[INFO  - 2017-06-23T21:58:21.666Z] Session [12a79740-585f-11e7-b4dd-9b63bdb0488c] - page.settings - {"XSSAuditingEnabled":false,"javascriptCanCloseWindows":true,"javascriptCanOpenWindows":true,"javascriptEnabled":true,"loadImages":true,"localToRemoteUrlAccessEnabled":false,"userAgent":"Mozilla/5.0 (Macintosh; Intel Mac OS X) AppleWebKit/538.1 (KHTML, like Gecko) PhantomJS/2.1.1 Safari/538.1","webSecurityEnabled":true}
[INFO  - 2017-06-23T21:58:21.695Z] Session [12a79740-585f-11e7-b4dd-9b63bdb0488c] - page.customHeaders:  - {}
[INFO  - 2017-06-23T21:58:21.695Z] Session [12a79740-585f-11e7-b4dd-9b63bdb0488c] - Session.negotiatedCapabilities - {"browserName":"phantomjs","version":"2.1.1","driverName":"ghostdriver","driverVersion":"1.2.0","platform":"mac-unknown-64bit","javascriptEnabled":true,"takesScreenshot":true,"handlesAlerts":false,"databaseEnabled":false,"locationContextEnabled":false,"applicationCacheEnabled":false,"browserConnectionEnabled":false,"cssSelectorsEnabled":true,"webStorageEnabled":false,"rotatable":false,"acceptSslCerts":false,"nativeEvents":true,"proxy":{"proxyType":"direct"}}
[INFO  - 2017-06-23T21:58:21.713Z] SessionManagerReqHand - _postNewSessionCommand - New Session Created: 12a79740-585f-11e7-b4dd-9b63bdb0488c
[INFO  - 2017-06-23T21:58:24.890Z] ShutdownReqHand - _handle - About to shutdown
[INFO  - 2017-06-23T21:58:26.793Z] GhostDriver - Main - running on port 33879
[INFO  - 2017-06-23T21:58:27.018Z] Session [15de5840-585f-11e7-a7db-3d2d35f6a294] - page.settings - {"XSSAuditingEnabled":false,"javascriptCanCloseWindows":true,"javascriptCanOpenWindows":true,"javascriptEnabled":true,"loadImages":true,"localToRemoteUrlAccessEnabled":false,"userAgent":"Mozilla/5.0 (Macintosh; Intel Mac OS X) AppleWebKit/538.1 (KHTML, like Gecko) PhantomJS/2.1.1 Safari/538.1","webSecurityEnabled":true}
[INFO  - 2017-06-23T21:58:27.018Z] Session [15de5840-585f-11e7-a7db-3d2d35f6a294] - page.customHeaders:  - {}
[INFO  - 2017-06-23T21:58:27.018Z] Session [15de5840-585f-11e7-a7db-3d2d35f6a294] - Session.negotiatedCapabilities - {"browserName":"phantomjs","version":"2.1.1","driverName":"ghostdriver","driverVersion":"1.2.0","platform":"mac-unknown-64bit","javascriptEnabled":true,"takesScreenshot":true,"handlesAlerts":false,"databaseEnabled":false,"locationContextEnabled":false,"applicationCacheEnabled":false,"browserConnectionEnabled":false,"cssSelectorsEnabled":true,"webStorageEnabled":false,"rotatable":false,"acceptSslCerts":false,"nativeEvents":true,"proxy":{"proxyType":"direct"}}
[INFO  - 2017-06-23T21:58:27.018Z] SessionManagerReqHand - _postNewSessionCommand - New Session Created: 15de5840-585f-11e7-a7db-3d2d35f6a294
[INFO  - 2017-06-23T21:58:28.282Z] ShutdownReqHand - _handle - About to shutdown
[INFO  - 2017-06-23T21:58:29.295Z] GhostDriver - Main - running on port 45725
[INFO  - 2017-06-23T21:58:29.367Z] Session [1744c610-585f-11e7-9070-c3e3eaac43f4] - page.settings - {"XSSAuditingEnabled":false,"javascriptCanCloseWindows":true,"javascriptCanOpenWindows":true,"javascriptEnabled":true,"loadImages":true,"localToRemoteUrlAccessEnabled":false,"userAgent":"Mozilla/5.0 (Macintosh; Intel Mac OS X) AppleWebKit/538.1 (KHTML, like Gecko) PhantomJS/2.1.1 Safari/538.1","webSecurityEnabled":true}
[INFO  - 2017-06-23T21:58:29.369Z] Session [1744c610-585f-11e7-9070-c3e3eaac43f4] - page.customHeaders:  - {}
[INFO  - 2017-06-23T21:58:29.369Z] Session [1744c610-585f-11e7-9070-c3e3eaac43f4] - Session.negotiatedCapabilities - {"browserName":"phantomjs","version":"2.1.1","driverName":"ghostdriver","driverVersion":"1.2.0","platform":"mac-unknown-64bit","javascriptEnabled":true,"takesScreenshot":true,"handlesAlerts":false,"databaseEnabled":false,"locationContextEnabled":false,"applicationCacheEnabled":false,"browserConnectionEnabled":false,"cssSelectorsEnabled":true,"webStorageEnabled":false,"rotatable":false,"acceptSslCerts":false,"nativeEvents":true,"proxy":{"proxyType":"direct"}}
[INFO  - 2017-06-23T21:58:29.370Z] SessionManagerReqHand - _postNewSessionCommand - New Session Created: 1744c610-585f-11e7-9070-c3e3eaac43f4
[INFO  - 2017-06-23T21:58:31.351Z] ShutdownReqHand - _handle - About to shutdown
